<?xml version="1.0" encoding="UTF-8"?>
<!-- Generated by org.testng.reporters.JUnitReportReporter -->
<testsuite hostname="Ankita" failures="0" tests="2" name="TestNg_Framework.com_priority.annotation_1" time="0.015" errors="0" timestamp="9 Jan 2024 08:07:34 GMT">
  <testcase classname="TestNg_Framework.com_priority.annotation_1" name="test2" time="0.002"/>
  <testcase classname="TestNg_Framework.com_priority.annotation_1" name="test1" time="0.013"/>
</testsuite> <!-- TestNg_Framework.com_priority.annotation_1 -->
