<?xml version="1.0" encoding="UTF-8"?>
<!-- Generated by org.testng.reporters.JUnitReportReporter -->
<testsuite hostname="Ankita" failures="0" tests="1" name="TestNg_Framework.com_priority.annotations" time="1.555" errors="0" timestamp="9 Jan 2024 08:04:43 GMT">
  <testcase classname="TestNg_Framework.com_priority.annotations" name="cloginTest" time="1.555"/>
</testsuite> <!-- TestNg_Framework.com_priority.annotations -->
